0 info it worked if it ends with ok
1 verbose cli [ 'C:\\Program Files\\nodejs\\node.exe',
1 verbose cli   'C:\\Program Files\\nodejs\\node_modules\\npm\\bin\\npm-cli.js',
1 verbose cli   'install' ]
2 info using npm@3.3.12
3 info using node@v5.3.0
4 silly loadCurrentTree Starting
5 silly install loadCurrentTree
6 silly install readLocalPackageData
7 silly install normalizeTree
8 silly loadCurrentTree Finishing
9 silly loadIdealTree Starting
10 silly install loadIdealTree
11 silly cloneCurrentTree Starting
12 silly install cloneCurrentTreeToIdealTree
13 silly cloneCurrentTree Finishing
14 silly loadShrinkwrap Starting
15 silly install loadShrinkwrap
16 silly loadShrinkwrap Finishing
17 silly loadAllDepsIntoIdealTree Starting
18 silly install loadAllDepsIntoIdealTree
19 silly fetchNamedPackageData @angular/animations
20 silly mapToRegistry name @angular/animations
21 silly mapToRegistry scope (from package name) @angular
22 verbose mapToRegistry no registry URL found in name for scope @angular
23 silly mapToRegistry using default registry
24 silly mapToRegistry registry http://nexus.leaseplan.nl/content/groups/npm-all/
25 silly mapToRegistry uri http://nexus.leaseplan.nl/content/groups/npm-all/@angular%2fanimations
26 silly fetchNamedPackageData @angular/common
27 silly mapToRegistry name @angular/common
28 silly mapToRegistry scope (from package name) @angular
29 verbose mapToRegistry no registry URL found in name for scope @angular
30 silly mapToRegistry using default registry
31 silly mapToRegistry registry http://nexus.leaseplan.nl/content/groups/npm-all/
32 silly mapToRegistry uri http://nexus.leaseplan.nl/content/groups/npm-all/@angular%2fcommon
33 silly fetchNamedPackageData @angular/compiler
34 silly mapToRegistry name @angular/compiler
35 silly mapToRegistry scope (from package name) @angular
36 verbose mapToRegistry no registry URL found in name for scope @angular
37 silly mapToRegistry using default registry
38 silly mapToRegistry registry http://nexus.leaseplan.nl/content/groups/npm-all/
39 silly mapToRegistry uri http://nexus.leaseplan.nl/content/groups/npm-all/@angular%2fcompiler
40 silly fetchNamedPackageData @angular/core
41 silly mapToRegistry name @angular/core
42 silly mapToRegistry scope (from package name) @angular
43 verbose mapToRegistry no registry URL found in name for scope @angular
44 silly mapToRegistry using default registry
45 silly mapToRegistry registry http://nexus.leaseplan.nl/content/groups/npm-all/
46 silly mapToRegistry uri http://nexus.leaseplan.nl/content/groups/npm-all/@angular%2fcore
47 silly fetchNamedPackageData @angular/forms
48 silly mapToRegistry name @angular/forms
49 silly mapToRegistry scope (from package name) @angular
50 verbose mapToRegistry no registry URL found in name for scope @angular
51 silly mapToRegistry using default registry
52 silly mapToRegistry registry http://nexus.leaseplan.nl/content/groups/npm-all/
53 silly mapToRegistry uri http://nexus.leaseplan.nl/content/groups/npm-all/@angular%2fforms
54 silly fetchNamedPackageData @angular/http
55 silly mapToRegistry name @angular/http
56 silly mapToRegistry scope (from package name) @angular
57 verbose mapToRegistry no registry URL found in name for scope @angular
58 silly mapToRegistry using default registry
59 silly mapToRegistry registry http://nexus.leaseplan.nl/content/groups/npm-all/
60 silly mapToRegistry uri http://nexus.leaseplan.nl/content/groups/npm-all/@angular%2fhttp
61 silly fetchNamedPackageData @angular/platform-browser
62 silly mapToRegistry name @angular/platform-browser
63 silly mapToRegistry scope (from package name) @angular
64 verbose mapToRegistry no registry URL found in name for scope @angular
65 silly mapToRegistry using default registry
66 silly mapToRegistry registry http://nexus.leaseplan.nl/content/groups/npm-all/
67 silly mapToRegistry uri http://nexus.leaseplan.nl/content/groups/npm-all/@angular%2fplatform-browser
68 silly fetchNamedPackageData @angular/platform-browser-dynamic
69 silly mapToRegistry name @angular/platform-browser-dynamic
70 silly mapToRegistry scope (from package name) @angular
71 verbose mapToRegistry no registry URL found in name for scope @angular
72 silly mapToRegistry using default registry
73 silly mapToRegistry registry http://nexus.leaseplan.nl/content/groups/npm-all/
74 silly mapToRegistry uri http://nexus.leaseplan.nl/content/groups/npm-all/@angular%2fplatform-browser-dynamic
75 silly fetchNamedPackageData @angular/router
76 silly mapToRegistry name @angular/router
77 silly mapToRegistry scope (from package name) @angular
78 verbose mapToRegistry no registry URL found in name for scope @angular
79 silly mapToRegistry using default registry
80 silly mapToRegistry registry http://nexus.leaseplan.nl/content/groups/npm-all/
81 silly mapToRegistry uri http://nexus.leaseplan.nl/content/groups/npm-all/@angular%2frouter
82 silly fetchNamedPackageData core-js
83 silly mapToRegistry name core-js
84 silly mapToRegistry using default registry
85 silly mapToRegistry registry http://nexus.leaseplan.nl/content/groups/npm-all/
86 silly mapToRegistry uri http://nexus.leaseplan.nl/content/groups/npm-all/core-js
87 silly fetchNamedPackageData rxjs
88 silly mapToRegistry name rxjs
89 silly mapToRegistry using default registry
90 silly mapToRegistry registry http://nexus.leaseplan.nl/content/groups/npm-all/
91 silly mapToRegistry uri http://nexus.leaseplan.nl/content/groups/npm-all/rxjs
92 silly fetchNamedPackageData zone.js
93 silly mapToRegistry name zone.js
94 silly mapToRegistry using default registry
95 silly mapToRegistry registry http://nexus.leaseplan.nl/content/groups/npm-all/
96 silly mapToRegistry uri http://nexus.leaseplan.nl/content/groups/npm-all/zone.js
97 verbose request uri http://nexus.leaseplan.nl/content/groups/npm-all/@angular%2fanimations
98 verbose request no auth needed
99 info attempt registry request try #1 at 15:49:55
100 verbose request id 0fe5da6a5a95e18b
101 http request GET http://nexus.leaseplan.nl/content/groups/npm-all/@angular%2fanimations
102 verbose request uri http://nexus.leaseplan.nl/content/groups/npm-all/@angular%2fcommon
103 verbose request no auth needed
104 info attempt registry request try #1 at 15:49:55
105 http request GET http://nexus.leaseplan.nl/content/groups/npm-all/@angular%2fcommon
106 verbose request uri http://nexus.leaseplan.nl/content/groups/npm-all/@angular%2fcompiler
107 verbose request no auth needed
108 info attempt registry request try #1 at 15:49:55
109 http request GET http://nexus.leaseplan.nl/content/groups/npm-all/@angular%2fcompiler
110 verbose request uri http://nexus.leaseplan.nl/content/groups/npm-all/@angular%2fcore
111 verbose request no auth needed
112 info attempt registry request try #1 at 15:49:55
113 http request GET http://nexus.leaseplan.nl/content/groups/npm-all/@angular%2fcore
114 verbose request uri http://nexus.leaseplan.nl/content/groups/npm-all/@angular%2fforms
115 verbose request no auth needed
116 info attempt registry request try #1 at 15:49:55
117 http request GET http://nexus.leaseplan.nl/content/groups/npm-all/@angular%2fforms
118 verbose request uri http://nexus.leaseplan.nl/content/groups/npm-all/@angular%2fhttp
119 verbose request no auth needed
120 info attempt registry request try #1 at 15:49:55
121 http request GET http://nexus.leaseplan.nl/content/groups/npm-all/@angular%2fhttp
122 verbose request uri http://nexus.leaseplan.nl/content/groups/npm-all/@angular%2fplatform-browser
123 verbose request no auth needed
124 info attempt registry request try #1 at 15:49:55
125 http request GET http://nexus.leaseplan.nl/content/groups/npm-all/@angular%2fplatform-browser
126 verbose request uri http://nexus.leaseplan.nl/content/groups/npm-all/@angular%2fplatform-browser-dynamic
127 verbose request no auth needed
128 info attempt registry request try #1 at 15:49:55
129 http request GET http://nexus.leaseplan.nl/content/groups/npm-all/@angular%2fplatform-browser-dynamic
130 verbose request uri http://nexus.leaseplan.nl/content/groups/npm-all/@angular%2frouter
131 verbose request no auth needed
132 info attempt registry request try #1 at 15:49:55
133 http request GET http://nexus.leaseplan.nl/content/groups/npm-all/@angular%2frouter
134 verbose request uri http://nexus.leaseplan.nl/content/groups/npm-all/core-js
135 verbose request no auth needed
136 info attempt registry request try #1 at 15:49:55
137 verbose lastModified Tue, 23 Jan 2018 10:19:56 GMT
138 http request GET http://nexus.leaseplan.nl/content/groups/npm-all/core-js
139 verbose request uri http://nexus.leaseplan.nl/content/groups/npm-all/zone.js
140 verbose request no auth needed
141 info attempt registry request try #1 at 15:49:55
142 verbose lastModified Tue, 23 Jan 2018 10:19:55 GMT
143 http request GET http://nexus.leaseplan.nl/content/groups/npm-all/zone.js
144 verbose request uri http://nexus.leaseplan.nl/content/groups/npm-all/rxjs
145 verbose request no auth needed
146 info attempt registry request try #1 at 15:49:55
147 verbose lastModified Tue, 23 Jan 2018 10:19:56 GMT
148 http request GET http://nexus.leaseplan.nl/content/groups/npm-all/rxjs
149 http 404 http://nexus.leaseplan.nl/content/groups/npm-all/@angular%2fplatform-browser-dynamic
150 verbose bad json <!DOCTYPE HTML PUBLIC "-//IETF//DTD HTML 2.0//EN">
150 verbose bad json <html><head>
150 verbose bad json <title>404 Not Found</title>
150 verbose bad json </head><body>
150 verbose bad json <h1>Not Found</h1>
150 verbose bad json <p>The requested URL /content/groups/npm-all/@angular/platform-browser-dynamic was not found on this server.</p>
150 verbose bad json <hr>
150 verbose bad json <address>Apache/2.2.22 (Win64) Server at nexus.leaseplan.nl Port 80</address>
150 verbose bad json </body></html>
151 error registry error parsing json
152 verbose headers { date: 'Mon, 12 Feb 2018 14:49:55 GMT',
152 verbose headers   server: 'Apache/2.2.22 (Win64)',
152 verbose headers   'ntcoent-length': '337',
152 verbose headers   'keep-alive': 'timeout=15, max=100',
152 verbose headers   connection: 'Keep-Alive',
152 verbose headers   'content-type': 'text/html; charset=iso-8859-1',
152 verbose headers   'cache-control': 'private',
152 verbose headers   'content-encoding': 'gzip',
152 verbose headers   'content-length': '274' }
153 silly get cb [ 404,
153 silly get   { date: 'Mon, 12 Feb 2018 14:49:55 GMT',
153 silly get     server: 'Apache/2.2.22 (Win64)',
153 silly get     'ntcoent-length': '337',
153 silly get     'keep-alive': 'timeout=15, max=100',
153 silly get     connection: 'Keep-Alive',
153 silly get     'content-type': 'text/html; charset=iso-8859-1',
153 silly get     'cache-control': 'private',
153 silly get     'content-encoding': 'gzip',
153 silly get     'content-length': '274' } ]
154 silly fetchPackageMetaData SyntaxError: Unexpected token <
154 silly fetchPackageMetaData <!DOCTYPE HTML PUBLIC "-//IETF//DTD HTML 2.0//EN">
154 silly fetchPackageMetaData <html><head>
154 silly fetchPackageMetaData <title>404 Not Found</title>
154 silly fetchPackageMetaData </head><body>
154 silly fetchPackageMetaData <h1>Not Found</h1>
154 silly fetchPackageMetaData <p>The requested URL /content/groups/npm-all/@angular/platform-browser-dynamic was not found on this server.</p>
154 silly fetchPackageMetaData <hr>
154 silly fetchPackageMetaData <address>Apache/2.2.22 (Win64) Server at nexus.leaseplan.nl Port 80</address>
154 silly fetchPackageMetaData </body></html>
154 silly fetchPackageMetaData
154 silly fetchPackageMetaData     at Object.parse (native)
154 silly fetchPackageMetaData     at CachingRegistryClient.<anonymous> (C:\Program Files\nodejs\node_modules\npm\node_modules\npm-registry-client\lib\request.js:199:23)
154 silly fetchPackageMetaData     at C:\Program Files\nodejs\node_modules\npm\node_modules\npm-registry-client\lib\request.js:178:7
154 silly fetchPackageMetaData     at Gunzip.onEnd (zlib.js:227:5)
154 silly fetchPackageMetaData     at emitNone (events.js:72:20)
154 silly fetchPackageMetaData     at Gunzip.emit (events.js:166:7)
154 silly fetchPackageMetaData     at endReadableNT (_stream_readable.js:905:12)
154 silly fetchPackageMetaData     at nextTickCallbackWith2Args (node.js:455:9)
154 silly fetchPackageMetaData     at process._tickCallback (node.js:369:17)
154 silly fetchPackageMetaData  error for @angular/platform-browser-dynamic@^5.2.0 [SyntaxError: Unexpected token <
154 silly fetchPackageMetaData <!DOCTYPE HTML PUBLIC "-//IETF//DTD HTML 2.0//EN">
154 silly fetchPackageMetaData <html><head>
154 silly fetchPackageMetaData <title>404 Not Found</title>
154 silly fetchPackageMetaData </head><body>
154 silly fetchPackageMetaData <h1>Not Found</h1>
154 silly fetchPackageMetaData <p>The requested URL /content/groups/npm-all/@angular/platform-browser-dynamic was not found on this server.</p>
154 silly fetchPackageMetaData <hr>
154 silly fetchPackageMetaData <address>Apache/2.2.22 (Win64) Server at nexus.leaseplan.nl Port 80</address>
154 silly fetchPackageMetaData </body></html>
154 silly fetchPackageMetaData ]
155 http 404 http://nexus.leaseplan.nl/content/groups/npm-all/@angular%2fhttp
156 verbose bad json <!DOCTYPE HTML PUBLIC "-//IETF//DTD HTML 2.0//EN">
156 verbose bad json <html><head>
156 verbose bad json <title>404 Not Found</title>
156 verbose bad json </head><body>
156 verbose bad json <h1>Not Found</h1>
156 verbose bad json <p>The requested URL /content/groups/npm-all/@angular/http was not found on this server.</p>
156 verbose bad json <hr>
156 verbose bad json <address>Apache/2.2.22 (Win64) Server at nexus.leaseplan.nl Port 80</address>
156 verbose bad json </body></html>
157 error registry error parsing json
158 verbose headers { date: 'Mon, 12 Feb 2018 14:49:55 GMT',
158 verbose headers   server: 'Apache/2.2.22 (Win64)',
158 verbose headers   'ntcoent-length': '317',
158 verbose headers   'keep-alive': 'timeout=15, max=100',
158 verbose headers   connection: 'Keep-Alive',
158 verbose headers   'content-type': 'text/html; charset=iso-8859-1',
158 verbose headers   'cache-control': 'private',
158 verbose headers   'content-encoding': 'gzip',
158 verbose headers   'content-length': '259' }
159 silly get cb [ 404,
159 silly get   { date: 'Mon, 12 Feb 2018 14:49:55 GMT',
159 silly get     server: 'Apache/2.2.22 (Win64)',
159 silly get     'ntcoent-length': '317',
159 silly get     'keep-alive': 'timeout=15, max=100',
159 silly get     connection: 'Keep-Alive',
159 silly get     'content-type': 'text/html; charset=iso-8859-1',
159 silly get     'cache-control': 'private',
159 silly get     'content-encoding': 'gzip',
159 silly get     'content-length': '259' } ]
160 silly fetchPackageMetaData SyntaxError: Unexpected token <
160 silly fetchPackageMetaData <!DOCTYPE HTML PUBLIC "-//IETF//DTD HTML 2.0//EN">
160 silly fetchPackageMetaData <html><head>
160 silly fetchPackageMetaData <title>404 Not Found</title>
160 silly fetchPackageMetaData </head><body>
160 silly fetchPackageMetaData <h1>Not Found</h1>
160 silly fetchPackageMetaData <p>The requested URL /content/groups/npm-all/@angular/http was not found on this server.</p>
160 silly fetchPackageMetaData <hr>
160 silly fetchPackageMetaData <address>Apache/2.2.22 (Win64) Server at nexus.leaseplan.nl Port 80</address>
160 silly fetchPackageMetaData </body></html>
160 silly fetchPackageMetaData
160 silly fetchPackageMetaData     at Object.parse (native)
160 silly fetchPackageMetaData     at CachingRegistryClient.<anonymous> (C:\Program Files\nodejs\node_modules\npm\node_modules\npm-registry-client\lib\request.js:199:23)
160 silly fetchPackageMetaData     at C:\Program Files\nodejs\node_modules\npm\node_modules\npm-registry-client\lib\request.js:178:7
160 silly fetchPackageMetaData     at Gunzip.onEnd (zlib.js:227:5)
160 silly fetchPackageMetaData     at emitNone (events.js:72:20)
160 silly fetchPackageMetaData     at Gunzip.emit (events.js:166:7)
160 silly fetchPackageMetaData     at endReadableNT (_stream_readable.js:905:12)
160 silly fetchPackageMetaData     at nextTickCallbackWith2Args (node.js:455:9)
160 silly fetchPackageMetaData     at process._tickCallback (node.js:369:17)
160 silly fetchPackageMetaData  error for @angular/http@^5.2.0 [SyntaxError: Unexpected token <
160 silly fetchPackageMetaData <!DOCTYPE HTML PUBLIC "-//IETF//DTD HTML 2.0//EN">
160 silly fetchPackageMetaData <html><head>
160 silly fetchPackageMetaData <title>404 Not Found</title>
160 silly fetchPackageMetaData </head><body>
160 silly fetchPackageMetaData <h1>Not Found</h1>
160 silly fetchPackageMetaData <p>The requested URL /content/groups/npm-all/@angular/http was not found on this server.</p>
160 silly fetchPackageMetaData <hr>
160 silly fetchPackageMetaData <address>Apache/2.2.22 (Win64) Server at nexus.leaseplan.nl Port 80</address>
160 silly fetchPackageMetaData </body></html>
160 silly fetchPackageMetaData ]
161 http 404 http://nexus.leaseplan.nl/content/groups/npm-all/@angular%2frouter
162 verbose bad json <!DOCTYPE HTML PUBLIC "-//IETF//DTD HTML 2.0//EN">
162 verbose bad json <html><head>
162 verbose bad json <title>404 Not Found</title>
162 verbose bad json </head><body>
162 verbose bad json <h1>Not Found</h1>
162 verbose bad json <p>The requested URL /content/groups/npm-all/@angular/router was not found on this server.</p>
162 verbose bad json <hr>
162 verbose bad json <address>Apache/2.2.22 (Win64) Server at nexus.leaseplan.nl Port 80</address>
162 verbose bad json </body></html>
163 error registry error parsing json
164 verbose headers { date: 'Mon, 12 Feb 2018 14:49:55 GMT',
164 verbose headers   server: 'Apache/2.2.22 (Win64)',
164 verbose headers   'ntcoent-length': '319',
164 verbose headers   'keep-alive': 'timeout=15, max=100',
164 verbose headers   connection: 'Keep-Alive',
164 verbose headers   'content-type': 'text/html; charset=iso-8859-1',
164 verbose headers   'cache-control': 'private',
164 verbose headers   'content-encoding': 'gzip',
164 verbose headers   'content-length': '260' }
165 silly get cb [ 404,
165 silly get   { date: 'Mon, 12 Feb 2018 14:49:55 GMT',
165 silly get     server: 'Apache/2.2.22 (Win64)',
165 silly get     'ntcoent-length': '319',
165 silly get     'keep-alive': 'timeout=15, max=100',
165 silly get     connection: 'Keep-Alive',
165 silly get     'content-type': 'text/html; charset=iso-8859-1',
165 silly get     'cache-control': 'private',
165 silly get     'content-encoding': 'gzip',
165 silly get     'content-length': '260' } ]
166 silly fetchPackageMetaData SyntaxError: Unexpected token <
166 silly fetchPackageMetaData <!DOCTYPE HTML PUBLIC "-//IETF//DTD HTML 2.0//EN">
166 silly fetchPackageMetaData <html><head>
166 silly fetchPackageMetaData <title>404 Not Found</title>
166 silly fetchPackageMetaData </head><body>
166 silly fetchPackageMetaData <h1>Not Found</h1>
166 silly fetchPackageMetaData <p>The requested URL /content/groups/npm-all/@angular/router was not found on this server.</p>
166 silly fetchPackageMetaData <hr>
166 silly fetchPackageMetaData <address>Apache/2.2.22 (Win64) Server at nexus.leaseplan.nl Port 80</address>
166 silly fetchPackageMetaData </body></html>
166 silly fetchPackageMetaData
166 silly fetchPackageMetaData     at Object.parse (native)
166 silly fetchPackageMetaData     at CachingRegistryClient.<anonymous> (C:\Program Files\nodejs\node_modules\npm\node_modules\npm-registry-client\lib\request.js:199:23)
166 silly fetchPackageMetaData     at C:\Program Files\nodejs\node_modules\npm\node_modules\npm-registry-client\lib\request.js:178:7
166 silly fetchPackageMetaData     at Gunzip.onEnd (zlib.js:227:5)
166 silly fetchPackageMetaData     at emitNone (events.js:72:20)
166 silly fetchPackageMetaData     at Gunzip.emit (events.js:166:7)
166 silly fetchPackageMetaData     at endReadableNT (_stream_readable.js:905:12)
166 silly fetchPackageMetaData     at nextTickCallbackWith2Args (node.js:455:9)
166 silly fetchPackageMetaData     at process._tickCallback (node.js:369:17)
166 silly fetchPackageMetaData  error for @angular/router@^5.2.0 [SyntaxError: Unexpected token <
166 silly fetchPackageMetaData <!DOCTYPE HTML PUBLIC "-//IETF//DTD HTML 2.0//EN">
166 silly fetchPackageMetaData <html><head>
166 silly fetchPackageMetaData <title>404 Not Found</title>
166 silly fetchPackageMetaData </head><body>
166 silly fetchPackageMetaData <h1>Not Found</h1>
166 silly fetchPackageMetaData <p>The requested URL /content/groups/npm-all/@angular/router was not found on this server.</p>
166 silly fetchPackageMetaData <hr>
166 silly fetchPackageMetaData <address>Apache/2.2.22 (Win64) Server at nexus.leaseplan.nl Port 80</address>
166 silly fetchPackageMetaData </body></html>
166 silly fetchPackageMetaData ]
167 http 404 http://nexus.leaseplan.nl/content/groups/npm-all/@angular%2fforms
168 verbose bad json <!DOCTYPE HTML PUBLIC "-//IETF//DTD HTML 2.0//EN">
168 verbose bad json <html><head>
168 verbose bad json <title>404 Not Found</title>
168 verbose bad json </head><body>
168 verbose bad json <h1>Not Found</h1>
168 verbose bad json <p>The requested URL /content/groups/npm-all/@angular/forms was not found on this server.</p>
168 verbose bad json <hr>
168 verbose bad json <address>Apache/2.2.22 (Win64) Server at nexus.leaseplan.nl Port 80</address>
168 verbose bad json </body></html>
169 error registry error parsing json
170 verbose headers { date: 'Mon, 12 Feb 2018 14:49:55 GMT',
170 verbose headers   server: 'Apache/2.2.22 (Win64)',
170 verbose headers   'ntcoent-length': '318',
170 verbose headers   'keep-alive': 'timeout=15, max=100',
170 verbose headers   connection: 'Keep-Alive',
170 verbose headers   'content-type': 'text/html; charset=iso-8859-1',
170 verbose headers   'cache-control': 'private',
170 verbose headers   'content-encoding': 'gzip',
170 verbose headers   'content-length': '261' }
171 silly get cb [ 404,
171 silly get   { date: 'Mon, 12 Feb 2018 14:49:55 GMT',
171 silly get     server: 'Apache/2.2.22 (Win64)',
171 silly get     'ntcoent-length': '318',
171 silly get     'keep-alive': 'timeout=15, max=100',
171 silly get     connection: 'Keep-Alive',
171 silly get     'content-type': 'text/html; charset=iso-8859-1',
171 silly get     'cache-control': 'private',
171 silly get     'content-encoding': 'gzip',
171 silly get     'content-length': '261' } ]
172 silly fetchPackageMetaData SyntaxError: Unexpected token <
172 silly fetchPackageMetaData <!DOCTYPE HTML PUBLIC "-//IETF//DTD HTML 2.0//EN">
172 silly fetchPackageMetaData <html><head>
172 silly fetchPackageMetaData <title>404 Not Found</title>
172 silly fetchPackageMetaData </head><body>
172 silly fetchPackageMetaData <h1>Not Found</h1>
172 silly fetchPackageMetaData <p>The requested URL /content/groups/npm-all/@angular/forms was not found on this server.</p>
172 silly fetchPackageMetaData <hr>
172 silly fetchPackageMetaData <address>Apache/2.2.22 (Win64) Server at nexus.leaseplan.nl Port 80</address>
172 silly fetchPackageMetaData </body></html>
172 silly fetchPackageMetaData
172 silly fetchPackageMetaData     at Object.parse (native)
172 silly fetchPackageMetaData     at CachingRegistryClient.<anonymous> (C:\Program Files\nodejs\node_modules\npm\node_modules\npm-registry-client\lib\request.js:199:23)
172 silly fetchPackageMetaData     at C:\Program Files\nodejs\node_modules\npm\node_modules\npm-registry-client\lib\request.js:178:7
172 silly fetchPackageMetaData     at Gunzip.onEnd (zlib.js:227:5)
172 silly fetchPackageMetaData     at emitNone (events.js:72:20)
172 silly fetchPackageMetaData     at Gunzip.emit (events.js:166:7)
172 silly fetchPackageMetaData     at endReadableNT (_stream_readable.js:905:12)
172 silly fetchPackageMetaData     at nextTickCallbackWith2Args (node.js:455:9)
172 silly fetchPackageMetaData     at process._tickCallback (node.js:369:17)
172 silly fetchPackageMetaData  error for @angular/forms@^5.2.0 [SyntaxError: Unexpected token <
172 silly fetchPackageMetaData <!DOCTYPE HTML PUBLIC "-//IETF//DTD HTML 2.0//EN">
172 silly fetchPackageMetaData <html><head>
172 silly fetchPackageMetaData <title>404 Not Found</title>
172 silly fetchPackageMetaData </head><body>
172 silly fetchPackageMetaData <h1>Not Found</h1>
172 silly fetchPackageMetaData <p>The requested URL /content/groups/npm-all/@angular/forms was not found on this server.</p>
172 silly fetchPackageMetaData <hr>
172 silly fetchPackageMetaData <address>Apache/2.2.22 (Win64) Server at nexus.leaseplan.nl Port 80</address>
172 silly fetchPackageMetaData </body></html>
172 silly fetchPackageMetaData ]
173 http 404 http://nexus.leaseplan.nl/content/groups/npm-all/@angular%2fcommon
174 verbose bad json <!DOCTYPE HTML PUBLIC "-//IETF//DTD HTML 2.0//EN">
174 verbose bad json <html><head>
174 verbose bad json <title>404 Not Found</title>
174 verbose bad json </head><body>
174 verbose bad json <h1>Not Found</h1>
174 verbose bad json <p>The requested URL /content/groups/npm-all/@angular/common was not found on this server.</p>
174 verbose bad json <hr>
174 verbose bad json <address>Apache/2.2.22 (Win64) Server at nexus.leaseplan.nl Port 80</address>
174 verbose bad json </body></html>
175 error registry error parsing json
176 verbose headers { date: 'Mon, 12 Feb 2018 14:49:55 GMT',
176 verbose headers   server: 'Apache/2.2.22 (Win64)',
176 verbose headers   'ntcoent-length': '319',
176 verbose headers   'keep-alive': 'timeout=15, max=100',
176 verbose headers   connection: 'Keep-Alive',
176 verbose headers   'content-type': 'text/html; charset=iso-8859-1',
176 verbose headers   'cache-control': 'private',
176 verbose headers   'content-encoding': 'gzip',
176 verbose headers   'content-length': '261' }
177 silly get cb [ 404,
177 silly get   { date: 'Mon, 12 Feb 2018 14:49:55 GMT',
177 silly get     server: 'Apache/2.2.22 (Win64)',
177 silly get     'ntcoent-length': '319',
177 silly get     'keep-alive': 'timeout=15, max=100',
177 silly get     connection: 'Keep-Alive',
177 silly get     'content-type': 'text/html; charset=iso-8859-1',
177 silly get     'cache-control': 'private',
177 silly get     'content-encoding': 'gzip',
177 silly get     'content-length': '261' } ]
178 silly fetchPackageMetaData SyntaxError: Unexpected token <
178 silly fetchPackageMetaData <!DOCTYPE HTML PUBLIC "-//IETF//DTD HTML 2.0//EN">
178 silly fetchPackageMetaData <html><head>
178 silly fetchPackageMetaData <title>404 Not Found</title>
178 silly fetchPackageMetaData </head><body>
178 silly fetchPackageMetaData <h1>Not Found</h1>
178 silly fetchPackageMetaData <p>The requested URL /content/groups/npm-all/@angular/common was not found on this server.</p>
178 silly fetchPackageMetaData <hr>
178 silly fetchPackageMetaData <address>Apache/2.2.22 (Win64) Server at nexus.leaseplan.nl Port 80</address>
178 silly fetchPackageMetaData </body></html>
178 silly fetchPackageMetaData
178 silly fetchPackageMetaData     at Object.parse (native)
178 silly fetchPackageMetaData     at CachingRegistryClient.<anonymous> (C:\Program Files\nodejs\node_modules\npm\node_modules\npm-registry-client\lib\request.js:199:23)
178 silly fetchPackageMetaData     at C:\Program Files\nodejs\node_modules\npm\node_modules\npm-registry-client\lib\request.js:178:7
178 silly fetchPackageMetaData     at Gunzip.onEnd (zlib.js:227:5)
178 silly fetchPackageMetaData     at emitNone (events.js:72:20)
178 silly fetchPackageMetaData     at Gunzip.emit (events.js:166:7)
178 silly fetchPackageMetaData     at endReadableNT (_stream_readable.js:905:12)
178 silly fetchPackageMetaData     at nextTickCallbackWith2Args (node.js:455:9)
178 silly fetchPackageMetaData     at process._tickCallback (node.js:369:17)
178 silly fetchPackageMetaData  error for @angular/common@^5.2.0 [SyntaxError: Unexpected token <
178 silly fetchPackageMetaData <!DOCTYPE HTML PUBLIC "-//IETF//DTD HTML 2.0//EN">
178 silly fetchPackageMetaData <html><head>
178 silly fetchPackageMetaData <title>404 Not Found</title>
178 silly fetchPackageMetaData </head><body>
178 silly fetchPackageMetaData <h1>Not Found</h1>
178 silly fetchPackageMetaData <p>The requested URL /content/groups/npm-all/@angular/common was not found on this server.</p>
178 silly fetchPackageMetaData <hr>
178 silly fetchPackageMetaData <address>Apache/2.2.22 (Win64) Server at nexus.leaseplan.nl Port 80</address>
178 silly fetchPackageMetaData </body></html>
178 silly fetchPackageMetaData ]
179 http 404 http://nexus.leaseplan.nl/content/groups/npm-all/@angular%2fcore
180 verbose bad json <!DOCTYPE HTML PUBLIC "-//IETF//DTD HTML 2.0//EN">
180 verbose bad json <html><head>
180 verbose bad json <title>404 Not Found</title>
180 verbose bad json </head><body>
180 verbose bad json <h1>Not Found</h1>
180 verbose bad json <p>The requested URL /content/groups/npm-all/@angular/core was not found on this server.</p>
180 verbose bad json <hr>
180 verbose bad json <address>Apache/2.2.22 (Win64) Server at nexus.leaseplan.nl Port 80</address>
180 verbose bad json </body></html>
181 error registry error parsing json
182 verbose headers { date: 'Mon, 12 Feb 2018 14:49:55 GMT',
182 verbose headers   server: 'Apache/2.2.22 (Win64)',
182 verbose headers   'ntcoent-length': '317',
182 verbose headers   'keep-alive': 'timeout=15, max=100',
182 verbose headers   connection: 'Keep-Alive',
182 verbose headers   'content-type': 'text/html; charset=iso-8859-1',
182 verbose headers   'cache-control': 'private',
182 verbose headers   'content-encoding': 'gzip',
182 verbose headers   'content-length': '258' }
183 silly get cb [ 404,
183 silly get   { date: 'Mon, 12 Feb 2018 14:49:55 GMT',
183 silly get     server: 'Apache/2.2.22 (Win64)',
183 silly get     'ntcoent-length': '317',
183 silly get     'keep-alive': 'timeout=15, max=100',
183 silly get     connection: 'Keep-Alive',
183 silly get     'content-type': 'text/html; charset=iso-8859-1',
183 silly get     'cache-control': 'private',
183 silly get     'content-encoding': 'gzip',
183 silly get     'content-length': '258' } ]
184 silly fetchPackageMetaData SyntaxError: Unexpected token <
184 silly fetchPackageMetaData <!DOCTYPE HTML PUBLIC "-//IETF//DTD HTML 2.0//EN">
184 silly fetchPackageMetaData <html><head>
184 silly fetchPackageMetaData <title>404 Not Found</title>
184 silly fetchPackageMetaData </head><body>
184 silly fetchPackageMetaData <h1>Not Found</h1>
184 silly fetchPackageMetaData <p>The requested URL /content/groups/npm-all/@angular/core was not found on this server.</p>
184 silly fetchPackageMetaData <hr>
184 silly fetchPackageMetaData <address>Apache/2.2.22 (Win64) Server at nexus.leaseplan.nl Port 80</address>
184 silly fetchPackageMetaData </body></html>
184 silly fetchPackageMetaData
184 silly fetchPackageMetaData     at Object.parse (native)
184 silly fetchPackageMetaData     at CachingRegistryClient.<anonymous> (C:\Program Files\nodejs\node_modules\npm\node_modules\npm-registry-client\lib\request.js:199:23)
184 silly fetchPackageMetaData     at C:\Program Files\nodejs\node_modules\npm\node_modules\npm-registry-client\lib\request.js:178:7
184 silly fetchPackageMetaData     at Gunzip.onEnd (zlib.js:227:5)
184 silly fetchPackageMetaData     at emitNone (events.js:72:20)
184 silly fetchPackageMetaData     at Gunzip.emit (events.js:166:7)
184 silly fetchPackageMetaData     at endReadableNT (_stream_readable.js:905:12)
184 silly fetchPackageMetaData     at nextTickCallbackWith2Args (node.js:455:9)
184 silly fetchPackageMetaData     at process._tickCallback (node.js:369:17)
184 silly fetchPackageMetaData  error for @angular/core@^5.2.0 [SyntaxError: Unexpected token <
184 silly fetchPackageMetaData <!DOCTYPE HTML PUBLIC "-//IETF//DTD HTML 2.0//EN">
184 silly fetchPackageMetaData <html><head>
184 silly fetchPackageMetaData <title>404 Not Found</title>
184 silly fetchPackageMetaData </head><body>
184 silly fetchPackageMetaData <h1>Not Found</h1>
184 silly fetchPackageMetaData <p>The requested URL /content/groups/npm-all/@angular/core was not found on this server.</p>
184 silly fetchPackageMetaData <hr>
184 silly fetchPackageMetaData <address>Apache/2.2.22 (Win64) Server at nexus.leaseplan.nl Port 80</address>
184 silly fetchPackageMetaData </body></html>
184 silly fetchPackageMetaData ]
185 http 404 http://nexus.leaseplan.nl/content/groups/npm-all/@angular%2fcompiler
186 verbose bad json <!DOCTYPE HTML PUBLIC "-//IETF//DTD HTML 2.0//EN">
186 verbose bad json <html><head>
186 verbose bad json <title>404 Not Found</title>
186 verbose bad json </head><body>
186 verbose bad json <h1>Not Found</h1>
186 verbose bad json <p>The requested URL /content/groups/npm-all/@angular/compiler was not found on this server.</p>
186 verbose bad json <hr>
186 verbose bad json <address>Apache/2.2.22 (Win64) Server at nexus.leaseplan.nl Port 80</address>
186 verbose bad json </body></html>
187 error registry error parsing json
188 verbose headers { date: 'Mon, 12 Feb 2018 14:49:55 GMT',
188 verbose headers   server: 'Apache/2.2.22 (Win64)',
188 verbose headers   'ntcoent-length': '321',
188 verbose headers   'keep-alive': 'timeout=15, max=100',
188 verbose headers   connection: 'Keep-Alive',
188 verbose headers   'content-type': 'text/html; charset=iso-8859-1',
188 verbose headers   'cache-control': 'private',
188 verbose headers   'content-encoding': 'gzip',
188 verbose headers   'content-length': '262' }
189 silly get cb [ 404,
189 silly get   { date: 'Mon, 12 Feb 2018 14:49:55 GMT',
189 silly get     server: 'Apache/2.2.22 (Win64)',
189 silly get     'ntcoent-length': '321',
189 silly get     'keep-alive': 'timeout=15, max=100',
189 silly get     connection: 'Keep-Alive',
189 silly get     'content-type': 'text/html; charset=iso-8859-1',
189 silly get     'cache-control': 'private',
189 silly get     'content-encoding': 'gzip',
189 silly get     'content-length': '262' } ]
190 silly fetchPackageMetaData SyntaxError: Unexpected token <
190 silly fetchPackageMetaData <!DOCTYPE HTML PUBLIC "-//IETF//DTD HTML 2.0//EN">
190 silly fetchPackageMetaData <html><head>
190 silly fetchPackageMetaData <title>404 Not Found</title>
190 silly fetchPackageMetaData </head><body>
190 silly fetchPackageMetaData <h1>Not Found</h1>
190 silly fetchPackageMetaData <p>The requested URL /content/groups/npm-all/@angular/compiler was not found on this server.</p>
190 silly fetchPackageMetaData <hr>
190 silly fetchPackageMetaData <address>Apache/2.2.22 (Win64) Server at nexus.leaseplan.nl Port 80</address>
190 silly fetchPackageMetaData </body></html>
190 silly fetchPackageMetaData
190 silly fetchPackageMetaData     at Object.parse (native)
190 silly fetchPackageMetaData     at CachingRegistryClient.<anonymous> (C:\Program Files\nodejs\node_modules\npm\node_modules\npm-registry-client\lib\request.js:199:23)
190 silly fetchPackageMetaData     at C:\Program Files\nodejs\node_modules\npm\node_modules\npm-registry-client\lib\request.js:178:7
190 silly fetchPackageMetaData     at Gunzip.onEnd (zlib.js:227:5)
190 silly fetchPackageMetaData     at emitNone (events.js:72:20)
190 silly fetchPackageMetaData     at Gunzip.emit (events.js:166:7)
190 silly fetchPackageMetaData     at endReadableNT (_stream_readable.js:905:12)
190 silly fetchPackageMetaData     at nextTickCallbackWith2Args (node.js:455:9)
190 silly fetchPackageMetaData     at process._tickCallback (node.js:369:17)
190 silly fetchPackageMetaData  error for @angular/compiler@^5.2.0 [SyntaxError: Unexpected token <
190 silly fetchPackageMetaData <!DOCTYPE HTML PUBLIC "-//IETF//DTD HTML 2.0//EN">
190 silly fetchPackageMetaData <html><head>
190 silly fetchPackageMetaData <title>404 Not Found</title>
190 silly fetchPackageMetaData </head><body>
190 silly fetchPackageMetaData <h1>Not Found</h1>
190 silly fetchPackageMetaData <p>The requested URL /content/groups/npm-all/@angular/compiler was not found on this server.</p>
190 silly fetchPackageMetaData <hr>
190 silly fetchPackageMetaData <address>Apache/2.2.22 (Win64) Server at nexus.leaseplan.nl Port 80</address>
190 silly fetchPackageMetaData </body></html>
190 silly fetchPackageMetaData ]
191 http 404 http://nexus.leaseplan.nl/content/groups/npm-all/@angular%2fanimations
192 verbose bad json <!DOCTYPE HTML PUBLIC "-//IETF//DTD HTML 2.0//EN">
192 verbose bad json <html><head>
192 verbose bad json <title>404 Not Found</title>
192 verbose bad json </head><body>
192 verbose bad json <h1>Not Found</h1>
192 verbose bad json <p>The requested URL /content/groups/npm-all/@angular/animations was not found on this server.</p>
192 verbose bad json <hr>
192 verbose bad json <address>Apache/2.2.22 (Win64) Server at nexus.leaseplan.nl Port 80</address>
192 verbose bad json </body></html>
193 error registry error parsing json
194 verbose headers { date: 'Mon, 12 Feb 2018 14:49:55 GMT',
194 verbose headers   server: 'Apache/2.2.22 (Win64)',
194 verbose headers   'ntcoent-length': '323',
194 verbose headers   'keep-alive': 'timeout=15, max=100',
194 verbose headers   connection: 'Keep-Alive',
194 verbose headers   'content-type': 'text/html; charset=iso-8859-1',
194 verbose headers   'cache-control': 'private',
194 verbose headers   'content-encoding': 'gzip',
194 verbose headers   'content-length': '263' }
195 silly get cb [ 404,
195 silly get   { date: 'Mon, 12 Feb 2018 14:49:55 GMT',
195 silly get     server: 'Apache/2.2.22 (Win64)',
195 silly get     'ntcoent-length': '323',
195 silly get     'keep-alive': 'timeout=15, max=100',
195 silly get     connection: 'Keep-Alive',
195 silly get     'content-type': 'text/html; charset=iso-8859-1',
195 silly get     'cache-control': 'private',
195 silly get     'content-encoding': 'gzip',
195 silly get     'content-length': '263' } ]
196 silly fetchPackageMetaData SyntaxError: Unexpected token <
196 silly fetchPackageMetaData <!DOCTYPE HTML PUBLIC "-//IETF//DTD HTML 2.0//EN">
196 silly fetchPackageMetaData <html><head>
196 silly fetchPackageMetaData <title>404 Not Found</title>
196 silly fetchPackageMetaData </head><body>
196 silly fetchPackageMetaData <h1>Not Found</h1>
196 silly fetchPackageMetaData <p>The requested URL /content/groups/npm-all/@angular/animations was not found on this server.</p>
196 silly fetchPackageMetaData <hr>
196 silly fetchPackageMetaData <address>Apache/2.2.22 (Win64) Server at nexus.leaseplan.nl Port 80</address>
196 silly fetchPackageMetaData </body></html>
196 silly fetchPackageMetaData
196 silly fetchPackageMetaData     at Object.parse (native)
196 silly fetchPackageMetaData     at CachingRegistryClient.<anonymous> (C:\Program Files\nodejs\node_modules\npm\node_modules\npm-registry-client\lib\request.js:199:23)
196 silly fetchPackageMetaData     at C:\Program Files\nodejs\node_modules\npm\node_modules\npm-registry-client\lib\request.js:178:7
196 silly fetchPackageMetaData     at Gunzip.onEnd (zlib.js:227:5)
196 silly fetchPackageMetaData     at emitNone (events.js:72:20)
196 silly fetchPackageMetaData     at Gunzip.emit (events.js:166:7)
196 silly fetchPackageMetaData     at endReadableNT (_stream_readable.js:905:12)
196 silly fetchPackageMetaData     at nextTickCallbackWith2Args (node.js:455:9)
196 silly fetchPackageMetaData     at process._tickCallback (node.js:369:17)
196 silly fetchPackageMetaData  error for @angular/animations@^5.2.0 [SyntaxError: Unexpected token <
196 silly fetchPackageMetaData <!DOCTYPE HTML PUBLIC "-//IETF//DTD HTML 2.0//EN">
196 silly fetchPackageMetaData <html><head>
196 silly fetchPackageMetaData <title>404 Not Found</title>
196 silly fetchPackageMetaData </head><body>
196 silly fetchPackageMetaData <h1>Not Found</h1>
196 silly fetchPackageMetaData <p>The requested URL /content/groups/npm-all/@angular/animations was not found on this server.</p>
196 silly fetchPackageMetaData <hr>
196 silly fetchPackageMetaData <address>Apache/2.2.22 (Win64) Server at nexus.leaseplan.nl Port 80</address>
196 silly fetchPackageMetaData </body></html>
196 silly fetchPackageMetaData ]
197 http 404 http://nexus.leaseplan.nl/content/groups/npm-all/@angular%2fplatform-browser
198 verbose bad json <!DOCTYPE HTML PUBLIC "-//IETF//DTD HTML 2.0//EN">
198 verbose bad json <html><head>
198 verbose bad json <title>404 Not Found</title>
198 verbose bad json </head><body>
198 verbose bad json <h1>Not Found</h1>
198 verbose bad json <p>The requested URL /content/groups/npm-all/@angular/platform-browser was not found on this server.</p>
198 verbose bad json <hr>
198 verbose bad json <address>Apache/2.2.22 (Win64) Server at nexus.leaseplan.nl Port 80</address>
198 verbose bad json </body></html>
199 error registry error parsing json
200 verbose headers { date: 'Mon, 12 Feb 2018 14:49:55 GMT',
200 verbose headers   server: 'Apache/2.2.22 (Win64)',
200 verbose headers   'ntcoent-length': '329',
200 verbose headers   'keep-alive': 'timeout=15, max=100',
200 verbose headers   connection: 'Keep-Alive',
200 verbose headers   'content-type': 'text/html; charset=iso-8859-1',
200 verbose headers   'cache-control': 'private',
200 verbose headers   'content-encoding': 'gzip',
200 verbose headers   'content-length': '267' }
201 silly get cb [ 404,
201 silly get   { date: 'Mon, 12 Feb 2018 14:49:55 GMT',
201 silly get     server: 'Apache/2.2.22 (Win64)',
201 silly get     'ntcoent-length': '329',
201 silly get     'keep-alive': 'timeout=15, max=100',
201 silly get     connection: 'Keep-Alive',
201 silly get     'content-type': 'text/html; charset=iso-8859-1',
201 silly get     'cache-control': 'private',
201 silly get     'content-encoding': 'gzip',
201 silly get     'content-length': '267' } ]
202 silly fetchPackageMetaData SyntaxError: Unexpected token <
202 silly fetchPackageMetaData <!DOCTYPE HTML PUBLIC "-//IETF//DTD HTML 2.0//EN">
202 silly fetchPackageMetaData <html><head>
202 silly fetchPackageMetaData <title>404 Not Found</title>
202 silly fetchPackageMetaData </head><body>
202 silly fetchPackageMetaData <h1>Not Found</h1>
202 silly fetchPackageMetaData <p>The requested URL /content/groups/npm-all/@angular/platform-browser was not found on this server.</p>
202 silly fetchPackageMetaData <hr>
202 silly fetchPackageMetaData <address>Apache/2.2.22 (Win64) Server at nexus.leaseplan.nl Port 80</address>
202 silly fetchPackageMetaData </body></html>
202 silly fetchPackageMetaData
202 silly fetchPackageMetaData     at Object.parse (native)
202 silly fetchPackageMetaData     at CachingRegistryClient.<anonymous> (C:\Program Files\nodejs\node_modules\npm\node_modules\npm-registry-client\lib\request.js:199:23)
202 silly fetchPackageMetaData     at C:\Program Files\nodejs\node_modules\npm\node_modules\npm-registry-client\lib\request.js:178:7
202 silly fetchPackageMetaData     at Gunzip.onEnd (zlib.js:227:5)
202 silly fetchPackageMetaData     at emitNone (events.js:72:20)
202 silly fetchPackageMetaData     at Gunzip.emit (events.js:166:7)
202 silly fetchPackageMetaData     at endReadableNT (_stream_readable.js:905:12)
202 silly fetchPackageMetaData     at nextTickCallbackWith2Args (node.js:455:9)
202 silly fetchPackageMetaData     at process._tickCallback (node.js:369:17)
202 silly fetchPackageMetaData  error for @angular/platform-browser@^5.2.0 [SyntaxError: Unexpected token <
202 silly fetchPackageMetaData <!DOCTYPE HTML PUBLIC "-//IETF//DTD HTML 2.0//EN">
202 silly fetchPackageMetaData <html><head>
202 silly fetchPackageMetaData <title>404 Not Found</title>
202 silly fetchPackageMetaData </head><body>
202 silly fetchPackageMetaData <h1>Not Found</h1>
202 silly fetchPackageMetaData <p>The requested URL /content/groups/npm-all/@angular/platform-browser was not found on this server.</p>
202 silly fetchPackageMetaData <hr>
202 silly fetchPackageMetaData <address>Apache/2.2.22 (Win64) Server at nexus.leaseplan.nl Port 80</address>
202 silly fetchPackageMetaData </body></html>
202 silly fetchPackageMetaData ]
203 http 200 http://nexus.leaseplan.nl/content/groups/npm-all/core-js
204 verbose headers { date: 'Mon, 12 Feb 2018 14:49:56 GMT',
204 verbose headers   server: 'Nexus/2.11.4-01',
204 verbose headers   'x-frame-options': 'SAMEORIGIN',
204 verbose headers   'x-content-type-options': 'nosniff',
204 verbose headers   'accept-ranges': 'bytes',
204 verbose headers   'content-type': 'application/json',
204 verbose headers   'last-modified': 'Mon, 12 Feb 2018 14:49:56 GMT',
204 verbose headers   'content-length': '243241',
204 verbose headers   'keep-alive': 'timeout=15, max=100',
204 verbose headers   connection: 'Keep-Alive' }
205 silly get cb [ 200,
205 silly get   { date: 'Mon, 12 Feb 2018 14:49:56 GMT',
205 silly get     server: 'Nexus/2.11.4-01',
205 silly get     'x-frame-options': 'SAMEORIGIN',
205 silly get     'x-content-type-options': 'nosniff',
205 silly get     'accept-ranges': 'bytes',
205 silly get     'content-type': 'application/json',
205 silly get     'last-modified': 'Mon, 12 Feb 2018 14:49:56 GMT',
205 silly get     'content-length': '243241',
205 silly get     'keep-alive': 'timeout=15, max=100',
205 silly get     connection: 'Keep-Alive' } ]
206 verbose get saving core-js to C:\Users\bijlj\AppData\Roaming\npm-cache\nexus.leaseplan.nl\content\groups\npm-all\core-js\.cache.json
207 silly resolveWithNewModule core-js@2.5.3 checking installable status
208 silly cache add args [ 'core-js@^2.4.1', null ]
209 verbose cache add spec core-js@^2.4.1
210 silly cache add parsed spec Result {
210 silly cache add   raw: 'core-js@^2.4.1',
210 silly cache add   scope: null,
210 silly cache add   name: 'core-js',
210 silly cache add   rawSpec: '^2.4.1',
210 silly cache add   spec: '>=2.4.1 <3.0.0',
210 silly cache add   type: 'range' }
211 silly addNamed core-js@>=2.4.1 <3.0.0
212 verbose addNamed ">=2.4.1 <3.0.0" is a valid semver range for core-js
213 silly addNameRange { name: 'core-js', range: '>=2.4.1 <3.0.0', hasData: false }
214 silly mapToRegistry name core-js
215 silly mapToRegistry using default registry
216 silly mapToRegistry registry http://nexus.leaseplan.nl/content/groups/npm-all/
217 silly mapToRegistry uri http://nexus.leaseplan.nl/content/groups/npm-all/core-js
218 verbose addNameRange registry:http://nexus.leaseplan.nl/content/groups/npm-all/core-js not in flight; fetching
219 verbose get http://nexus.leaseplan.nl/content/groups/npm-all/core-js not expired, no request
220 silly addNameRange number 2 { name: 'core-js', range: '>=2.4.1 <3.0.0', hasData: true }
221 silly addNameRange versions [ 'core-js',
221 silly addNameRange   [ '0.0.3',
221 silly addNameRange     '0.0.4',
221 silly addNameRange     '0.0.5',
221 silly addNameRange     '0.0.7',
221 silly addNameRange     '0.0.8',
221 silly addNameRange     '0.0.9',
221 silly addNameRange     '0.1.1',
221 silly addNameRange     '0.1.2',
221 silly addNameRange     '0.1.3',
221 silly addNameRange     '0.1.4',
221 silly addNameRange     '0.1.5',
221 silly addNameRange     '0.2.0',
221 silly addNameRange     '0.2.1',
221 silly addNameRange     '0.2.2',
221 silly addNameRange     '0.2.3',
221 silly addNameRange     '0.2.4',
221 silly addNameRange     '0.2.5',
221 silly addNameRange     '0.3.0',
221 silly addNameRange     '0.3.1',
221 silly addNameRange     '0.3.2',
221 silly addNameRange     '0.3.3',
221 silly addNameRange     '0.4.0',
221 silly addNameRange     '0.4.1',
221 silly addNameRange     '0.4.2',
221 silly addNameRange     '0.4.3',
221 silly addNameRange     '0.4.4',
221 silly addNameRange     '0.4.5',
221 silly addNameRange     '0.4.6',
221 silly addNameRange     '0.4.7',
221 silly addNameRange     '0.4.8',
221 silly addNameRange     '0.4.9',
221 silly addNameRange     '0.4.10',
221 silly addNameRange     '0.5.0',
221 silly addNameRange     '0.5.1',
221 silly addNameRange     '0.5.2',
221 silly addNameRange     '0.5.3',
221 silly addNameRange     '0.5.4',
221 silly addNameRange     '0.6.0',
221 silly addNameRange     '0.6.1',
221 silly addNameRange     '0.7.0',
221 silly addNameRange     '0.7.1',
221 silly addNameRange     '0.7.2',
221 silly addNameRange     '0.8.0',
221 silly addNameRange     '0.8.1',
221 silly addNameRange     '0.8.2',
221 silly addNameRange     '0.8.3',
221 silly addNameRange     '0.8.4',
221 silly addNameRange     '0.9.0',
221 silly addNameRange     '0.9.1',
221 silly addNameRange     '0.9.2',
221 silly addNameRange     '0.9.3',
221 silly addNameRange     '0.9.4',
221 silly addNameRange     '0.9.5',
221 silly addNameRange     '0.9.6',
221 silly addNameRange     '0.9.7',
221 silly addNameRange     '0.9.8',
221 silly addNameRange     '0.9.9',
221 silly addNameRange     '0.9.10',
221 silly addNameRange     '0.9.11',
221 silly addNameRange     '0.9.12',
221 silly addNameRange     '0.9.13',
221 silly addNameRange     '0.9.14',
221 silly addNameRange     '0.9.15',
221 silly addNameRange     '0.9.16',
221 silly addNameRange     '0.9.17',
221 silly addNameRange     '0.9.18',
221 silly addNameRange     '1.0.0',
221 silly addNameRange     '1.0.1',
221 silly addNameRange     '1.1.0',
221 silly addNameRange     '1.1.1',
221 silly addNameRange     '1.1.2',
221 silly addNameRange     '1.1.3',
221 silly addNameRange     '1.1.4',
221 silly addNameRange     '1.2.0',
221 silly addNameRange     '1.2.1',
221 silly addNameRange     '1.2.2',
221 silly addNameRange     '1.2.3',
221 silly addNameRange     '1.2.4',
221 silly addNameRange     '1.2.5',
221 silly addNameRange     '1.2.6',
221 silly addNameRange     '2.0.0-alpha',
221 silly addNameRange     '2.0.0-beta',
221 silly addNameRange     '2.0.0-beta.2',
221 silly addNameRange     '2.0.0',
221 silly addNameRange     '2.0.1',
221 silly addNameRange     '2.0.2',
221 silly addNameRange     '2.0.3',
221 silly addNameRange     '2.1.0',
221 silly addNameRange     '2.1.1',
221 silly addNameRange     '2.1.2',
221 silly addNameRange     '2.1.3',
221 silly addNameRange     '2.1.4',
221 silly addNameRange     '2.1.5',
221 silly addNameRange     '2.2.0',
221 silly addNameRange     '2.2.1',
221 silly addNameRange     '2.2.2',
221 silly addNameRange     '2.3.0',
221 silly addNameRange     '2.4.0',
221 silly addNameRange     '1.2.7',
221 silly addNameRange     '2.4.1',
221 silly addNameRange     '2.5.0',
221 silly addNameRange     '2.5.1',
221 silly addNameRange     '2.5.2',
221 silly addNameRange     '2.5.3' ] ]
222 silly addNamed core-js@2.5.3
223 verbose addNamed "2.5.3" is a plain semver version for core-js
224 silly cache afterAdd core-js@2.5.3
225 verbose afterAdd C:\Users\bijlj\AppData\Roaming\npm-cache\core-js\2.5.3\package\package.json not in flight; writing
226 verbose afterAdd C:\Users\bijlj\AppData\Roaming\npm-cache\core-js\2.5.3\package\package.json written
227 http 200 http://nexus.leaseplan.nl/content/groups/npm-all/zone.js
228 verbose headers { date: 'Mon, 12 Feb 2018 14:49:56 GMT',
228 verbose headers   server: 'Nexus/2.11.4-01',
228 verbose headers   'x-frame-options': 'SAMEORIGIN',
228 verbose headers   'x-content-type-options': 'nosniff',
228 verbose headers   'accept-ranges': 'bytes',
228 verbose headers   'content-type': 'application/json',
228 verbose headers   'last-modified': 'Mon, 12 Feb 2018 14:49:56 GMT',
228 verbose headers   'content-length': '193300',
228 verbose headers   'keep-alive': 'timeout=15, max=100',
228 verbose headers   connection: 'Keep-Alive' }
229 silly get cb [ 200,
229 silly get   { date: 'Mon, 12 Feb 2018 14:49:56 GMT',
229 silly get     server: 'Nexus/2.11.4-01',
229 silly get     'x-frame-options': 'SAMEORIGIN',
229 silly get     'x-content-type-options': 'nosniff',
229 silly get     'accept-ranges': 'bytes',
229 silly get     'content-type': 'application/json',
229 silly get     'last-modified': 'Mon, 12 Feb 2018 14:49:56 GMT',
229 silly get     'content-length': '193300',
229 silly get     'keep-alive': 'timeout=15, max=100',
229 silly get     connection: 'Keep-Alive' } ]
230 verbose get saving zone.js to C:\Users\bijlj\AppData\Roaming\npm-cache\nexus.leaseplan.nl\content\groups\npm-all\zone.js\.cache.json
231 silly resolveWithNewModule zone.js@0.8.20 checking installable status
232 silly cache add args [ 'zone.js@^0.8.19', null ]
233 verbose cache add spec zone.js@^0.8.19
234 silly cache add parsed spec Result {
234 silly cache add   raw: 'zone.js@^0.8.19',
234 silly cache add   scope: null,
234 silly cache add   name: 'zone.js',
234 silly cache add   rawSpec: '^0.8.19',
234 silly cache add   spec: '>=0.8.19 <0.9.0',
234 silly cache add   type: 'range' }
235 silly addNamed zone.js@>=0.8.19 <0.9.0
236 verbose addNamed ">=0.8.19 <0.9.0" is a valid semver range for zone.js
237 silly addNameRange { name: 'zone.js', range: '>=0.8.19 <0.9.0', hasData: false }
238 silly mapToRegistry name zone.js
239 silly mapToRegistry using default registry
240 silly mapToRegistry registry http://nexus.leaseplan.nl/content/groups/npm-all/
241 silly mapToRegistry uri http://nexus.leaseplan.nl/content/groups/npm-all/zone.js
242 verbose addNameRange registry:http://nexus.leaseplan.nl/content/groups/npm-all/zone.js not in flight; fetching
243 verbose get http://nexus.leaseplan.nl/content/groups/npm-all/zone.js not expired, no request
244 silly addNameRange number 2 { name: 'zone.js', range: '>=0.8.19 <0.9.0', hasData: true }
245 silly addNameRange versions [ 'zone.js',
245 silly addNameRange   [ '0.1.0',
245 silly addNameRange     '0.1.1',
245 silly addNameRange     '0.2.0',
245 silly addNameRange     '0.2.1',
245 silly addNameRange     '0.2.3',
245 silly addNameRange     '0.2.2',
245 silly addNameRange     '0.2.4',
245 silly addNameRange     '0.3.0',
245 silly addNameRange     '0.4.0',
245 silly addNameRange     '0.4.1',
245 silly addNameRange     '0.4.2',
245 silly addNameRange     '0.4.3',
245 silly addNameRange     '0.4.4',
245 silly addNameRange     '0.5.0',
245 silly addNameRange     '0.5.1',
245 silly addNameRange     '0.5.2',
245 silly addNameRange     '0.5.3',
245 silly addNameRange     '0.5.4',
245 silly addNameRange     '0.5.5',
245 silly addNameRange     '0.5.6',
245 silly addNameRange     '0.5.7',
245 silly addNameRange     '0.5.8',
245 silly addNameRange     '0.5.9',
245 silly addNameRange     '0.5.10',
245 silly addNameRange     '0.5.11',
245 silly addNameRange     '0.5.12',
245 silly addNameRange     '0.5.13',
245 silly addNameRange     '0.5.14',
245 silly addNameRange     '0.5.15',
245 silly addNameRange     '0.6.0',
245 silly addNameRange     '0.6.1',
245 silly addNameRange     '0.6.2',
245 silly addNameRange     '0.6.3',
245 silly addNameRange     '0.6.4',
245 silly addNameRange     '0.6.5',
245 silly addNameRange     '0.6.6',
245 silly addNameRange     '0.6.8',
245 silly addNameRange     '0.6.9',
245 silly addNameRange     '0.6.10',
245 silly addNameRange     '0.6.11',
245 silly addNameRange     '0.6.12',
245 silly addNameRange     '0.6.13',
245 silly addNameRange     '0.6.14',
245 silly addNameRange     '0.6.15',
245 silly addNameRange     '0.6.16',
245 silly addNameRange     '0.6.17',
245 silly addNameRange     '0.6.18',
245 silly addNameRange     '0.6.19',
245 silly addNameRange     '0.6.20',
245 silly addNameRange     '0.6.21',
245 silly addNameRange     '0.6.22',
245 silly addNameRange     '0.6.23',
245 silly addNameRange     '0.6.24',
245 silly addNameRange     '0.6.25',
245 silly addNameRange     '0.6.26',
245 silly addNameRange     '0.7.0',
245 silly addNameRange     '0.7.1',
245 silly addNameRange     '0.7.2',
245 silly addNameRange     '0.7.3',
245 silly addNameRange     '0.7.4',
245 silly addNameRange     '0.7.5',
245 silly addNameRange     '0.7.6',
245 silly addNameRange     '0.7.7',
245 silly addNameRange     '0.7.8',
245 silly addNameRange     '0.8.0',
245 silly addNameRange     '0.8.1',
245 silly addNameRange     '0.8.2',
245 silly addNameRange     '0.8.3',
245 silly addNameRange     '0.8.4',
245 silly addNameRange     '0.8.5',
245 silly addNameRange     '0.8.6',
245 silly addNameRange     '0.8.7',
245 silly addNameRange     '0.8.8',
245 silly addNameRange     '0.8.9',
245 silly addNameRange     '0.8.10',
245 silly addNameRange     '0.8.11',
245 silly addNameRange     '0.8.12',
245 silly addNameRange     '0.8.13',
245 silly addNameRange     '0.8.14',
245 silly addNameRange     '0.8.16',
245 silly addNameRange     '0.8.17',
245 silly addNameRange     '0.8.18',
245 silly addNameRange     '0.8.19',
245 silly addNameRange     '0.8.20' ] ]
246 silly addNamed zone.js@0.8.20
247 verbose addNamed "0.8.20" is a plain semver version for zone.js
248 silly cache afterAdd zone.js@0.8.20
249 verbose afterAdd C:\Users\bijlj\AppData\Roaming\npm-cache\zone.js\0.8.20\package\package.json not in flight; writing
250 verbose afterAdd C:\Users\bijlj\AppData\Roaming\npm-cache\zone.js\0.8.20\package\package.json written
251 http 200 http://nexus.leaseplan.nl/content/groups/npm-all/rxjs
252 verbose headers { date: 'Mon, 12 Feb 2018 14:49:56 GMT',
252 verbose headers   server: 'Nexus/2.11.4-01',
252 verbose headers   'x-frame-options': 'SAMEORIGIN',
252 verbose headers   'x-content-type-options': 'nosniff',
252 verbose headers   'accept-ranges': 'bytes',
252 verbose headers   'content-type': 'application/json',
252 verbose headers   'last-modified': 'Mon, 12 Feb 2018 14:49:56 GMT',
252 verbose headers   'content-length': '264623',
252 verbose headers   'keep-alive': 'timeout=15, max=100',
252 verbose headers   connection: 'Keep-Alive' }
253 silly get cb [ 200,
253 silly get   { date: 'Mon, 12 Feb 2018 14:49:56 GMT',
253 silly get     server: 'Nexus/2.11.4-01',
253 silly get     'x-frame-options': 'SAMEORIGIN',
253 silly get     'x-content-type-options': 'nosniff',
253 silly get     'accept-ranges': 'bytes',
253 silly get     'content-type': 'application/json',
253 silly get     'last-modified': 'Mon, 12 Feb 2018 14:49:56 GMT',
253 silly get     'content-length': '264623',
253 silly get     'keep-alive': 'timeout=15, max=100',
253 silly get     connection: 'Keep-Alive' } ]
254 verbose get saving rxjs to C:\Users\bijlj\AppData\Roaming\npm-cache\nexus.leaseplan.nl\content\groups\npm-all\rxjs\.cache.json
255 silly resolveWithNewModule rxjs@5.5.6 checking installable status
256 silly cache add args [ 'rxjs@^5.5.6', null ]
257 verbose cache add spec rxjs@^5.5.6
258 silly cache add parsed spec Result {
258 silly cache add   raw: 'rxjs@^5.5.6',
258 silly cache add   scope: null,
258 silly cache add   name: 'rxjs',
258 silly cache add   rawSpec: '^5.5.6',
258 silly cache add   spec: '>=5.5.6 <6.0.0',
258 silly cache add   type: 'range' }
259 silly addNamed rxjs@>=5.5.6 <6.0.0
260 verbose addNamed ">=5.5.6 <6.0.0" is a valid semver range for rxjs
261 silly addNameRange { name: 'rxjs', range: '>=5.5.6 <6.0.0', hasData: false }
262 silly mapToRegistry name rxjs
263 silly mapToRegistry using default registry
264 silly mapToRegistry registry http://nexus.leaseplan.nl/content/groups/npm-all/
265 silly mapToRegistry uri http://nexus.leaseplan.nl/content/groups/npm-all/rxjs
266 verbose addNameRange registry:http://nexus.leaseplan.nl/content/groups/npm-all/rxjs not in flight; fetching
267 verbose get http://nexus.leaseplan.nl/content/groups/npm-all/rxjs not expired, no request
268 silly addNameRange number 2 { name: 'rxjs', range: '>=5.5.6 <6.0.0', hasData: true }
269 silly addNameRange versions [ 'rxjs',
269 silly addNameRange   [ '5.0.0-alpha.10',
269 silly addNameRange     '5.0.0-alpha.11',
269 silly addNameRange     '5.0.0-alpha.12',
269 silly addNameRange     '5.0.0-alpha.13',
269 silly addNameRange     '5.0.0-alpha.14',
269 silly addNameRange     '5.0.0-beta.0',
269 silly addNameRange     '5.0.0-beta.1',
269 silly addNameRange     '5.0.0-beta.2',
269 silly addNameRange     '5.0.0-beta.3',
269 silly addNameRange     '5.0.0-beta.4',
269 silly addNameRange     '5.0.0-beta.5',
269 silly addNameRange     '5.0.0-beta.6',
269 silly addNameRange     '5.0.0-beta.7',
269 silly addNameRange     '5.0.0-beta.8',
269 silly addNameRange     '5.0.0-beta.9',
269 silly addNameRange     '5.0.0-beta.10',
269 silly addNameRange     '5.0.0-beta.11',
269 silly addNameRange     '5.0.0-beta.12',
269 silly addNameRange     '5.0.0-rc.1',
269 silly addNameRange     '5.0.0-rc.2',
269 silly addNameRange     '5.0.0-rc.3',
269 silly addNameRange     '5.0.0-rc.4',
269 silly addNameRange     '5.0.0-rc.5',
269 silly addNameRange     '5.0.0',
269 silly addNameRange     '5.0.1',
269 silly addNameRange     '5.0.2',
269 silly addNameRange     '5.0.3',
269 silly addNameRange     '5.1.0',
269 silly addNameRange     '5.1.1',
269 silly addNameRange     '5.2.0',
269 silly addNameRange     '5.2.1-smooth',
269 silly addNameRange     '5.3.0',
269 silly addNameRange     '5.3.1',
269 silly addNameRange     '5.3.3',
269 silly addNameRange     '5.4.0',
269 silly addNameRange     '5.4.1',
269 silly addNameRange     '6.0.0-alpha.0',
269 silly addNameRange     '5.4.2',
269 silly addNameRange     '5.4.3',
269 silly addNameRange     '5.5.0-beta.0',
269 silly addNameRange     '5.5.0-beta.1',
269 silly addNameRange     '5.5.0-beta.2',
269 silly addNameRange     '5.5.0-beta.3',
269 silly addNameRange     '5.5.0-beta.4',
269 silly addNameRange     '5.5.0-beta.5',
269 silly addNameRange     '5.5.0-beta.7',
269 silly addNameRange     '5.5.0',
269 silly addNameRange     '5.5.1',
269 silly addNameRange     '5.5.2',
269 silly addNameRange     '5.5.3',
269 silly addNameRange     '5.5.4',
269 silly addNameRange     '5.5.5',
269 silly addNameRange     '5.5.6',
269 silly addNameRange     '6.0.0-alpha.1',
269 silly addNameRange     '6.0.0-alpha.2',
269 silly addNameRange     '6.0.0-alpha.3' ] ]
270 silly addNamed rxjs@5.5.6
271 verbose addNamed "5.5.6" is a plain semver version for rxjs
272 silly cache afterAdd rxjs@5.5.6
273 verbose afterAdd C:\Users\bijlj\AppData\Roaming\npm-cache\rxjs\5.5.6\package\package.json not in flight; writing
274 verbose afterAdd C:\Users\bijlj\AppData\Roaming\npm-cache\rxjs\5.5.6\package\package.json written
275 silly rollbackFailedOptional Starting
276 silly rollbackFailedOptional Finishing
277 silly runTopLevelLifecycles Starting
278 silly runTopLevelLifecycles Finishing
279 silly install printInstalled
280 verbose stack SyntaxError: Unexpected token <
280 verbose stack <!DOCTYPE HTML PUBLIC "-//IETF//DTD HTML 2.0//EN">
280 verbose stack <html><head>
280 verbose stack <title>404 Not Found</title>
280 verbose stack </head><body>
280 verbose stack <h1>Not Found</h1>
280 verbose stack <p>The requested URL /content/groups/npm-all/@angular/platform-browser-dynamic was not found on this server.</p>
280 verbose stack <hr>
280 verbose stack <address>Apache/2.2.22 (Win64) Server at nexus.leaseplan.nl Port 80</address>
280 verbose stack </body></html>
280 verbose stack
280 verbose stack     at Object.parse (native)
280 verbose stack     at CachingRegistryClient.<anonymous> (C:\Program Files\nodejs\node_modules\npm\node_modules\npm-registry-client\lib\request.js:199:23)
280 verbose stack     at C:\Program Files\nodejs\node_modules\npm\node_modules\npm-registry-client\lib\request.js:178:7
280 verbose stack     at Gunzip.onEnd (zlib.js:227:5)
280 verbose stack     at emitNone (events.js:72:20)
280 verbose stack     at Gunzip.emit (events.js:166:7)
280 verbose stack     at endReadableNT (_stream_readable.js:905:12)
280 verbose stack     at nextTickCallbackWith2Args (node.js:455:9)
280 verbose stack     at process._tickCallback (node.js:369:17)
281 verbose cwd C:\Users\bijlj\workspace-private\cm-angular\cm-app
282 error Windows_NT 10.0.14393
283 error argv "C:\\Program Files\\nodejs\\node.exe" "C:\\Program Files\\nodejs\\node_modules\\npm\\bin\\npm-cli.js" "install"
284 error node v5.3.0
285 error npm  v3.3.12
286 error Unexpected token <
286 error <!DOCTYPE HTML PUBLIC "-//IETF//DTD HTML 2.0//EN">
286 error <html><head>
286 error <title>404 Not Found</title>
286 error </head><body>
286 error <h1>Not Found</h1>
286 error <p>The requested URL /content/groups/npm-all/@angular/platform-browser-dynamic was not found on this server.</p>
286 error <hr>
286 error <address>Apache/2.2.22 (Win64) Server at nexus.leaseplan.nl Port 80</address>
286 error </body></html>
287 error If you need help, you may report this error at:
287 error     <https://github.com/npm/npm/issues>
288 verbose exit [ 1, true ]
